<?xml version="1.0" encoding="UTF-8"?>
<!-- Generated by org.testng.reporters.JUnitReportReporter -->
<testsuite hostname="vinkalyani" failures="0" tests="1" name="runners.RunCuke" time="5.347" errors="0" timestamp="2024-08-08T17:50:02 IST" skipped="0">
  <testcase classname="runners.RunCuke" name="runScenario" time="5.347"/>
</testsuite> <!-- runners.RunCuke -->
